(.venv_rknn) qbz415@LAPTOP-OBAD8432:~/vlm-sam-industrial-vision-v2$ python scripts/convert_fastsam_rknn.py | tee logs/convert_fastsam_rknn.log
I rknn-toolkit2 version: 2.3.2
W load_onnx: If you don't need to crop the model, don't set 'inputs'/'input_size_list'/'outputs'!

==================================================
  Converting: FastSAM-s
==================================================
  [1/5] Config (INT8, rk3588)...
  [2/5] Load ONNX...
I Loading : 100%|███████████████████████████████████████████████| 169/169 [00:00<00:00, 9495.73it/s]
  [3/5] Build INT8 (calib=100 samples)...
    metal_nut: 34 images
    screw: 33 images
    pill: 33 images
  Calibration list: 100 mixed images -> /home/qbz415/vlm-sam-industrial-vision-v2/models/fastsam_models/calib_dataset.txt
I OpFusing 2 : 100%|██████████████████████████████████████████████| 100/100 [00:01<00:00, 88.58it/s]
W build: found outlier value, this may affect quantization accuracy
                        const name               abs_mean    abs_std     outlier value
                        model.0.conv.weight      6.59        9.31        -69.394     






I GraphPreparing : 100%|███████████████████████████████████████| 199/199 [00:00<00:00, 17262.30it/s]
I Quantizating 1/3: 100%|█████████████████████████████████████████| 199/199 [00:27<00:00,  7.15it/s]
I Quantizating 2/3: 100%|█████████████████████████████████████████| 199/199 [00:26<00:00,  7.43it/s]
I Quantizating 3/3: 100%|█████████████████████████████████████████| 199/199 [00:12<00:00, 16.43it/s]
W build: The default input dtype of 'images' is changed from 'float32' to 'int8' in rknn model for performance!
                       Please take care of this change when deploy rknn model with Runtime API!
W build: The default output dtype of 'output0' is changed from 'float32' to 'int8' in rknn model for performance!
                      Please take care of this change when deploy rknn model with Runtime API!
W build: The default output dtype of 'output1' is changed from 'float32' to 'int8' in rknn model for performance!
                      Please take care of this change when deploy rknn model with Runtime API!
I rknn building ...
I rknn building done.
I GraphPreparing :   0%|                                                    | 0/202 [00:00<?, ?it/s]  [4/5] Accuracy analysis...
I GraphPreparing : 100%|███████████████████████████████████████| 202/202 [00:00<00:00, 15874.42it/s]
I AccuracyAnalysing : 100%|███████████████████████████████████████| 202/202 [00:35<00:00,  5.65it/s]

# simulator_error: calculate the output error of each layer of the simulator (compared to the 'golden' value).
#              entire: output error of each layer between 'golden' and 'simulator', these errors will accumulate layer by layer.
#              single: single-layer output error between 'golden' and 'simulator', can better reflect the single-layer accuracy of the simulator.

layer_name                                                                   simulator_error                    
                                                                         entire              single             
                                                                      cos      euc        cos      euc          
------------------------------------------------------------------------------------------------------------
[Input] images                                                      1.00000 | 0.0       1.00000 | 0.0           
[exDataConvert] images_int8                                         1.00000 | 5.4228    1.00000 | 5.4228        
[Conv] /model.0/conv/Conv_output_0                                  0.99858 | 504.43    0.99858 | 504.43        
[exSwish] /model.0/act/Mul_output_0                                 0.99696 | 278.08    0.99936 | 131.60        
[Conv] /model.1/conv/Conv_output_0                                  0.99888 | 118.72    0.99958 | 72.155        
[exSwish] /model.1/act/Mul_output_0                                 0.99844 | 110.01    0.99989 | 29.609        
[Conv] /model.2/cv1/conv/Conv_output_0                              0.99681 | 204.63    0.99960 | 71.867        
[exSwish] /model.2/cv1/act/Mul_output_0                             0.99729 | 147.79    0.99983 | 33.401        
[Split] /model.2/Split_output_0                                     0.99657 | 120.83    0.99986 | 23.348        
[Split] /model.2/Split_output_1                                     0.99814 | 86.021    0.99979 | 27.078        
[Conv] /model.2/m.0/cv1/conv/Conv_output_0                          0.99637 | 134.84    0.99967 | 40.739        
[exSwish] /model.2/m.0/cv1/act/Mul_output_0                         0.99725 | 106.57    1.00000 | 16.114        
[Conv] /model.2/m.0/cv2/conv/Conv_output_0                          0.99116 | 222.91    0.99966 | 44.018        
[exSwish] /model.2/m.0/cv2/act/Mul_output_0                         0.99065 | 204.36    0.99985 | 18.757        
[Add] /model.2/m.0/Add_output_0                                     0.99628 | 228.76    0.99998 | 31.438        
[Concat] /model.2/Concat_output_0                                   0.99660 | 275.02    0.99985 | 50.716        
[Conv] /model.2/cv2/conv/Conv_output_0                              0.99333 | 194.12    0.99974 | 38.251        
[exSwish] /model.2/cv2/act/Mul_output_0                             0.99565 | 129.63    0.99997 | 11.064        
[Conv] /model.3/conv/Conv_output_0                                  0.99250 | 106.76    0.99992 | 10.835        
[exSwish] /model.3/act/Mul_output_0                                 0.99621 | 61.644    0.99995 | 6.3385        
[Conv] /model.4/cv1/conv/Conv_output_0                              0.99594 | 69.060    0.99990 | 10.518        
[exSwish] /model.4/cv1/act/Mul_output_0                             0.99697 | 44.479    0.99995 | 5.8971        
[Split] /model.4/Split_output_0                                     0.99679 | 38.565    0.99997 | 4.1745        
[Split] /model.4/Split_output_1                                     0.99734 | 22.264    0.99990 | 4.5605        
[Conv] /model.4/m.0/cv1/conv/Conv_output_0                          0.98429 | 66.325    0.99922 | 14.562        
[exSwish] /model.4/m.0/cv1/act/Mul_output_0                         0.98449 | 34.332    0.99989 | 3.0801        
[Conv] /model.4/m.0/cv2/conv/Conv_output_0                          0.98899 | 65.164    0.99984 | 7.7184        
[exSwish] /model.4/m.0/cv2/act/Mul_output_0                         0.99047 | 34.131    0.99985 | 4.3868        
[Add] /model.4/m.0/Add_output_0                                     0.99597 | 39.498    0.99989 | 6.4619        
[Conv] /model.4/m.1/cv1/conv/Conv_output_0                          0.98859 | 67.978    0.99969 | 11.204        
[exSwish] /model.4/m.1/cv1/act/Mul_output_0                         0.98354 | 23.973    0.99970 | 3.3310        
[Conv] /model.4/m.1/cv2/conv/Conv_output_0                          0.98962 | 88.807    0.99984 | 10.912        
[exSwish] /model.4/m.1/cv2/act/Mul_output_0                         0.99164 | 60.618    0.99995 | 4.8197        
[Add] /model.4/m.1/Add_output_0                                     0.99604 | 69.583    0.99994 | 8.4811        
[Concat] /model.4/Concat_output_0                                   0.99623 | 92.046    0.99992 | 12.548        
[Conv] /model.4/cv2/conv/Conv_output_0                              0.98812 | 104.47    0.99972 | 15.967        
[exSwish] /model.4/cv2/act/Mul_output_0                             0.99217 | 53.571    0.99995 | 4.9140        
[Conv] /model.5/conv/Conv_output_0                                  0.97798 | 99.711    0.99981 | 9.2917        
[exSwish] /model.5/act/Mul_output_0                                 0.97167 | 49.009    0.99980 | 4.5233        
[Conv] /model.6/cv1/conv/Conv_output_0                              0.97447 | 112.55    0.99980 | 9.9069        
[exSwish] /model.6/cv1/act/Mul_output_0                             0.96816 | 57.773    0.99970 | 5.4458        
[Split] /model.6/Split_output_0                                     0.95410 | 52.715    0.99978 | 3.8288        
[Split] /model.6/Split_output_1                                     0.98734 | 23.713    0.99962 | 4.2468        
[Conv] /model.6/m.0/cv1/conv/Conv_output_0                          0.98393 | 74.825    0.99982 | 7.8642        
[exSwish] /model.6/m.0/cv1/act/Mul_output_0                         0.97220 | 30.509    0.99964 | 3.5617        
[Conv] /model.6/m.0/cv2/conv/Conv_output_0                          0.98143 | 65.668    0.99979 | 6.9525        
[exSwish] /model.6/m.0/cv2/act/Mul_output_0                         0.97589 | 35.672    0.99986 | 2.7691        
[Add] /model.6/m.0/Add_output_0                                     0.98262 | 41.194    0.99978 | 4.7221        
[Conv] /model.6/m.1/cv1/conv/Conv_output_0                          0.98564 | 75.335    0.99989 | 6.6651        
[exSwish] /model.6/m.1/cv1/act/Mul_output_0                         0.96604 | 28.226    0.99970 | 2.6276        
[Conv] /model.6/m.1/cv2/conv/Conv_output_0                          0.95607 | 136.29    0.99973 | 10.722        
[exSwish] /model.6/m.1/cv2/act/Mul_output_0                         0.96035 | 81.598    0.99985 | 5.0032        
[Add] /model.6/m.1/Add_output_0                                     0.97222 | 89.716    0.99977 | 8.0866        
[Concat] /model.6/Concat_output_0                                   0.97310 | 114.85    0.99970 | 12.062        
[Conv] /model.6/cv2/conv/Conv_output_0                              0.97160 | 140.24    0.99979 | 12.170        
[exSwish] /model.6/cv2/act/Mul_output_0                             0.96311 | 60.253    0.99961 | 6.1574        
[Conv] /model.7/conv/Conv_output_0                                  0.96845 | 118.76    0.99988 | 7.4676        
[exSwish] /model.7/act/Mul_output_0                                 0.94790 | 58.870    0.99975 | 4.2155        
[Conv] /model.8/cv1/conv/Conv_output_0                              0.96543 | 118.08    0.99985 | 7.9308        
[exSwish] /model.8/cv1/act/Mul_output_0                             0.95049 | 57.673    0.99935 | 6.6019        
[Split] /model.8/Split_output_0                                     0.94628 | 52.944    0.99957 | 4.7149        
[Split] /model.8/Split_output_1                                     0.96537 | 22.865    0.99863 | 4.6105        
[Conv] /model.8/m.0/cv1/conv/Conv_output_0                          0.96791 | 82.076    0.99987 | 5.2489        
[exSwish] /model.8/m.0/cv1/act/Mul_output_0                         0.94250 | 43.247    0.99967 | 3.3041        
[Conv] /model.8/m.0/cv2/conv/Conv_output_0                          0.94115 | 149.50    0.99984 | 7.8177        
[exSwish] /model.8/m.0/cv2/act/Mul_output_0                         0.93554 | 94.872    0.99988 | 4.0891        
[Add] /model.8/m.0/Add_output_0                                     0.93220 | 96.975    0.99972 | 6.3284        
[Concat] /model.8/Concat_output_0                                   0.93786 | 113.18    0.99957 | 9.8264        
[Conv] /model.8/cv2/conv/Conv_output_0                              0.94564 | 161.82    0.99981 | 9.6535        
[exSwish] /model.8/cv2/act/Mul_output_0                             0.93441 | 100.10    0.99971 | 6.7025        
[Conv] /model.9/cv1/conv/Conv_output_0                              0.95979 | 119.82    0.99993 | 5.1041        
[exSwish] /model.9/cv1/act/Mul_output_0                             0.98071 | 59.630    0.99998 | 2.0659        
[MaxPool] /model.9/m/MaxPool_output_0                               0.99391 | 57.172    0.99999 | 2.0631        
[MaxPool] /model.9/m_1/MaxPool_output_0                             0.99632 | 52.051    0.99999 | 2.0648        
[MaxPool] /model.9/m_2/MaxPool_output_0                             0.99734 | 48.570    0.99999 | 2.0636        
[Concat] /model.9/Concat_output_0                                   0.99486 | 109.05    0.99999 | 4.1287        
[Conv] /model.9/cv2/conv/Conv_output_0                              0.96000 | 130.78    0.99961 | 12.754        
[exSwish] /model.9/cv2/act/Mul_output_0                             0.93063 | 83.870    0.99930 | 8.1428        
[Resize] /model.10/Resize_output_0                                  0.93067 | 167.74    0.99934 | 16.285        
[Concat] /model.11/Concat_output_0                                  0.93606 | 178.51    0.99913 | 21.193        
[Conv] /model.12/cv1/conv/Conv_output_0                             0.90437 | 284.48    0.99950 | 21.093        
[exSwish] /model.12/cv1/act/Mul_output_0                            0.92919 | 129.25    0.99976 | 7.8440        
[Split] /model.12/Split_output_0                                    0.90892 | 105.15    0.99951 | 7.4168        
[Split] /model.12/Split_output_1                                    0.95136 | 75.304    0.99973 | 5.5470        
[Conv] /model.12/m.0/cv1/conv/Conv_output_0                         0.92176 | 192.95    0.99959 | 14.324        
[exSwish] /model.12/m.0/cv1/act/Mul_output_0                        0.90651 | 82.935    0.99697 | 15.330        
[Conv] /model.12/m.0/cv2/conv/Conv_output_0                         0.90978 | 186.06    0.99821 | 26.838        
[exSwish] /model.12/m.0/cv2/act/Mul_output_0                        0.89355 | 119.09    0.99805 | 16.429        
[Concat] /model.12/Concat_output_0                                  0.91429 | 177.29    0.99779 | 28.581        
[Conv] /model.12/cv2/conv/Conv_output_0                             0.86005 | 322.05    0.99805 | 39.435        
[exSwish] /model.12/cv2/act/Mul_output_0                            0.86723 | 135.39    0.99361 | 31.222        
[Resize] /model.13/Resize_output_0                                  0.86728 | 270.78    0.99367 | 62.445        
[Concat] /model.14/Concat_output_0                                  0.91513 | 279.33    0.99414 | 75.726        
[Conv] /model.15/cv1/conv/Conv_output_0                             0.90835 | 464.78    0.99820 | 66.936        
[exSwish] /model.15/cv1/act/Mul_output_0                            0.97014 | 194.94    0.99902 | 33.623        
[Split] /model.15/Split_output_0                                    0.97476 | 164.75    0.99945 | 24.147        
[Split] /model.15/Split_output_1                                    0.94539 | 105.24    0.99703 | 25.525        
[Conv] /model.15/m.0/cv1/conv/Conv_output_0                         0.86829 | 382.22    0.99918 | 31.172        
[exSwish] /model.15/m.0/cv1/act/Mul_output_0                        0.91709 | 115.64    0.99950 | 9.0895        
[Conv] /model.15/m.0/cv2/conv/Conv_output_0                         0.87414 | 439.03    0.99936 | 30.986        
[exSwish] /model.15/m.0/cv2/act/Mul_output_0                        0.90926 | 199.29    0.99907 | 19.954        
[Concat] /model.15/Concat_output_0                                  0.95416 | 280.13    0.99873 | 45.757        
[Conv] /model.15/cv2/conv/Conv_output_0                             0.89324 | 573.87    0.99888 | 59.032        
[exSwish] /model.15/cv2/act/Mul_output_0                            0.96771 | 190.24    0.99978 | 16.516        
[Conv] /model.16/conv/Conv_output_0                                 0.88912 | 213.80    0.99927 | 17.677        
[exSwish] /model.16/act/Mul_output_0                                0.88354 | 78.557    0.99919 | 6.6030        
[Concat] /model.17/Concat_output_0                                  0.86897 | 158.04    0.99293 | 38.246        
[Conv] /model.18/cv1/conv/Conv_output_0                             0.88006 | 318.15    0.99321 | 77.442        
[exSwish] /model.18/cv1/act/Mul_output_0                            0.87495 | 159.80    0.99819 | 19.202        
[Split] /model.18/Split_output_0                                    0.86528 | 135.51    0.99870 | 13.443        
[Split] /model.18/Split_output_1                                    0.89480 | 84.805    0.99741 | 13.550        
[Conv] /model.18/m.0/cv1/conv/Conv_output_0                         0.92543 | 230.43    0.99944 | 19.571        
[exSwish] /model.18/m.0/cv1/act/Mul_output_0                        0.85029 | 82.912    0.99889 | 7.2613        
[Conv] /model.18/m.0/cv2/conv/Conv_output_0                         0.84992 | 335.20    0.99914 | 23.859        
[exSwish] /model.18/m.0/cv2/act/Mul_output_0                        0.86283 | 136.30    0.99966 | 6.7531        
[Concat] /model.18/Concat_output_0                                  0.86891 | 211.41    0.99808 | 25.829        
[Conv] /model.18/cv2/conv/Conv_output_0                             0.89645 | 338.62    0.99922 | 28.977        
[exSwish] /model.18/cv2/act/Mul_output_0                            0.86616 | 103.11    0.99827 | 11.838        
[Conv] /model.19/conv/Conv_output_0                                 0.91757 | 119.82    0.99885 | 14.180        
[exSwish] /model.19/act/Mul_output_0                                0.89633 | 59.231    0.99836 | 7.4720        
[Concat] /model.20/Concat_output_0                                  0.92048 | 103.20    0.99800 | 15.891        
[Conv] /model.21/cv1/conv/Conv_output_0                             0.95729 | 144.52    0.99922 | 19.408        
[exSwish] /model.21/cv1/act/Mul_output_0                            0.92728 | 67.927    0.99915 | 7.3720        
[Split] /model.21/Split_output_0                                    0.91964 | 55.528    0.99930 | 5.2349        
[Split] /model.21/Split_output_1                                    0.93834 | 39.448    0.99796 | 7.3252        
[Conv] /model.21/m.0/cv1/conv/Conv_output_0                         0.96962 | 90.445    0.99967 | 9.4285        
[exSwish] /model.21/m.0/cv1/act/Mul_output_0                        0.92964 | 44.878    0.99969 | 3.0682        
[Conv] /model.21/m.0/cv2/conv/Conv_output_0                         0.95148 | 120.61    0.99970 | 9.4501        
[exSwish] /model.21/m.0/cv2/act/Mul_output_0                        0.94115 | 65.866    0.99979 | 3.9518        
[Concat] /model.21/Concat_output_0                                  0.93452 | 94.828    0.99912 | 11.059        
[Conv] /model.21/cv2/conv/Conv_output_0                             0.95727 | 143.09    0.99966 | 12.855        
[exSwish] /model.21/cv2/act/Mul_output_0                            0.90771 | 82.756    0.99935 | 7.0772        
[Conv] /model.22/cv2.2/cv2.2.0/conv/Conv_output_0                   0.93945 | 69.600    0.99944 | 6.7361        
[exSwish] /model.22/cv2.2/cv2.2.0/act/Mul_output_0                  0.93585 | 39.602    0.99978 | 2.3666        
[Conv] /model.22/cv2.2/cv2.2.1/conv/Conv_output_0                   0.96259 | 135.13    0.99969 | 12.470        
[exSwish] /model.22/cv2.2/cv2.2.1/act/Mul_output_0                  0.96750 | 117.84    0.99993 | 5.5033        
[Conv] /model.22/cv2.2/cv2.2.2/Conv_output_0                        0.97095 | 97.344    0.99989 | 5.9032        
[Reshape] /model.22/Reshape_2_output_0                              0.97095 | 97.344    0.99994 | 4.4181        
[Conv] /model.22/cv3.2/cv3.2.0/conv/Conv_output_0                   0.93968 | 81.880    0.99959 | 6.8157        
[exSwish] /model.22/cv3.2/cv3.2.0/act/Mul_output_0                  0.91842 | 48.905    0.99962 | 3.3209        
[Conv] /model.22/cv3.2/cv3.2.1/conv/Conv_output_0                   0.93861 | 106.48    0.99962 | 8.3108        
[exSwish] /model.22/cv3.2/cv3.2.1/act/Mul_output_0                  0.93288 | 78.438    0.99972 | 5.1065        
[Conv] /model.22/cv3.2/cv3.2.2/Conv_output_0                        0.93284 | 96.222    0.93942 | 95.008        
[Reshape] /model.22/Reshape_5_output_0                              0.93284 | 96.222    0.93935 | 95.007        
[Conv] /model.22/cv4.2/cv4.2.0/conv/Conv_output_0                   0.93570 | 34.009    0.99967 | 2.4766        
[exSwish] /model.22/cv4.2/cv4.2.0/act/Mul_output_0                  0.91021 | 20.175    0.99957 | 1.4230        
[Conv] /model.22/cv4.2/cv4.2.1/conv/Conv_output_0                   0.93993 | 50.191    0.99964 | 3.9605        
[exSwish] /model.22/cv4.2/cv4.2.1/act/Mul_output_0                  0.92717 | 36.400    0.99986 | 1.6445        
[Conv] /model.22/cv4.2/cv4.2.2/Conv_output_0                        0.95633 | 19.903    0.99926 | 2.6087        
[Reshape] /model.22/Reshape_8_output_0                              0.95633 | 19.903    0.99935 | 2.4603        
[Conv] /model.22/cv2.1/cv2.1.0/conv/Conv_output_0                   0.85190 | 253.89    0.99853 | 24.769        
[exSwish] /model.22/cv2.1/cv2.1.0/act/Mul_output_0                  0.85831 | 158.03    0.99933 | 10.721        
[Conv] /model.22/cv2.1/cv2.1.1/conv/Conv_output_0                   0.87438 | 387.59    0.99888 | 36.417        
[exSwish] /model.22/cv2.1/cv2.1.1/act/Mul_output_0                  0.89965 | 300.09    0.99975 | 14.796        
[Conv] /model.22/cv2.1/cv2.1.2/Conv_output_0                        0.94850 | 284.58    0.99987 | 14.195        
[Reshape] /model.22/Reshape_1_output_0                              0.94850 | 284.58    0.99994 | 10.021        
[Conv] /model.22/cv3.1/cv3.1.0/conv/Conv_output_0                   0.86654 | 233.89    0.99846 | 24.490        
[exSwish] /model.22/cv3.1/cv3.1.0/act/Mul_output_0                  0.80794 | 114.46    0.99834 | 10.737        
[Conv] /model.22/cv3.1/cv3.1.1/conv/Conv_output_0                   0.85752 | 299.84    0.99854 | 30.019        
[exSwish] /model.22/cv3.1/cv3.1.1/act/Mul_output_0                  0.85478 | 228.68    0.99956 | 12.354        
[Conv] /model.22/cv3.1/cv3.1.2/Conv_output_0                        0.95324 | 282.80    0.95367 | 282.61        
[Reshape] /model.22/Reshape_4_output_0                              0.95324 | 282.80    0.95359 | 282.61        
[Conv] /model.22/cv4.1/cv4.1.0/conv/Conv_output_0                   0.91989 | 91.772    0.99927 | 8.7440        
[exSwish] /model.22/cv4.1/cv4.1.0/act/Mul_output_0                  0.92326 | 54.021    0.99987 | 2.2212        
[Conv] /model.22/cv4.1/cv4.1.1/conv/Conv_output_0                   0.92069 | 128.99    0.99979 | 6.6796        
[exSwish] /model.22/cv4.1/cv4.1.1/act/Mul_output_0                  0.90639 | 96.751    0.99984 | 4.0711        
[Conv] /model.22/cv4.1/cv4.1.2/Conv_output_0                        0.95645 | 56.957    0.99959 | 5.6212        
[Reshape] /model.22/Reshape_7_output_0                              0.95645 | 56.957    0.99967 | 5.0245        
[Conv] /model.22/cv2.0/cv2.0.0/conv/Conv_output_0                   0.88140 | 546.55    0.99883 | 53.697        
[exSwish] /model.22/cv2.0/cv2.0.0/act/Mul_output_0                  0.91958 | 264.35    0.99984 | 11.865        
[Conv] /model.22/cv2.0/cv2.0.1/conv/Conv_output_0                   0.82657 | 969.41    0.99928 | 61.061        
[exSwish] /model.22/cv2.0/cv2.0.1/act/Mul_output_0                  0.87543 | 599.26    0.99976 | 25.597        
[Conv] /model.22/cv2.0/cv2.0.2/Conv_output_0                        0.95429 | 658.07    0.99991 | 31.027        
[Concat] /model.22/Concat_output_0                                  0.95393 | 723.80    0.99992 | 29.683        
[Reshape] /model.22/dfl/Reshape_output_0                            0.95393 | 723.80    0.99993 | 27.543        
[exSoftmax13] /model.22/dfl/Softmax_output_0_sw_sw                  0.85675 | 62.710    0.99970 | 2.8516        
[Conv] /model.22/dfl/Transpose_1_output_0_sw                        0.92750 | 214.54    0.99994 | 6.6430        
[Transpose] /model.22/dfl/Reshape_1_output_0_rs                     0.92750 | 214.54    0.99998 | 3.0533        
[Split] /model.22/Slice_output_0-rs                                 0.92520 | 154.74    0.99999 | 2.1618        
[Split] /model.22/Slice_1_output_0-rs                               0.92974 | 148.68    0.99998 | 2.7403        
[Sub] /model.22/Sub_output_0-rs                                     0.99956 | 155.31    1.00000 | 13.126        
[Add] /model.22/Add_1_output_0-rs                                   0.99965 | 149.47    1.00000 | 12.889        
[Sub] /model.22/Sub_1_output_0-rs                                   0.94393 | 254.43    0.99970 | 18.703        
[Add] /model.22/Add_2_output_0-rs                                   0.99988 | 169.79    1.00000 | 29.741        I The error analysis results save to: /home/qbz415/vlm-sam-industrial-vision-v2/models/fastsam_models/accuracy_analysis/error_analysis.txt
W accuracy_analysis: The mapping of layer_name & file_name save to: /home/qbz415/vlm-sam-industrial-vision-v2/models/fastsam_models/accuracy_analysis/map_name_to_file.txt

[Mul] /model.22/Div_1_output_0-rs                                   0.99988 | 84.895    1.00000 | 11.846        
[Concat] /model.22/Concat_3_output_0-rs                             0.99878 | 269.03    1.00000 | 17.311        
[Mul] /model.22/Mul_2_output_0-rs                                   0.99775 | 3319.1    0.99999 | 251.80        
[Reshape] /model.22/Mul_2_output_0-rs_rs                            0.99775 | 3319.1    1.00000 | 148.30        
[Conv] /model.22/cv3.0/cv3.0.0/conv/Conv_output_0                   0.90785 | 513.71    0.99926 | 46.057        
[exSwish] /model.22/cv3.0/cv3.0.0/act/Mul_output_0                  0.80871 | 181.87    0.99710 | 23.104        
[Conv] /model.22/cv3.0/cv3.0.1/conv/Conv_output_0                   0.84816 | 706.41    0.99728 | 95.764        
[exSwish] /model.22/cv3.0/cv3.0.1/act/Mul_output_0                  0.86611 | 481.80    0.99966 | 24.080        
[Conv] /model.22/cv3.0/cv3.0.2/Conv_output_0                        0.94707 | 693.19    0.94723 | 693.05        
[Concat] /model.22/Concat_1_output_0-rs                             
[Sigmoid] /model.22/Concat_1_output_0_sw                            0.95351 | 1.6573    0.99996 | 0.0439        
[Conv] /model.22/cv4.0/cv4.0.0/conv/Conv_output_0                   0.92369 | 204.66    0.99941 | 17.764        
[exSwish] /model.22/cv4.0/cv4.0.0/act/Mul_output_0                  0.94241 | 108.48    0.99988 | 4.9509        
[Conv] /model.22/cv4.0/cv4.0.1/conv/Conv_output_0                   0.92835 | 218.91    0.99983 | 10.666        
[exSwish] /model.22/cv4.0/cv4.0.1/act/Mul_output_0                  0.92156 | 153.36    0.99991 | 4.9692        
[Conv] /model.22/cv4.0/cv4.0.2/Conv_output_0                        0.96743 | 92.223    0.99987 | 5.8063        
[Concat] /model.22/Concat_2_output_0-rs                             0.96434 | 110.74    0.99944 | 14.070        
[Concat] output0-rs                                                 0.99776 | 3337.6    1.00000 | 368.82        
[Reshape] output0_int8                                              0.99776 | 3337.6    1.00000 | 368.57        
[exDataConvert] output0                                             0.99776 | 3337.6    1.00000 | 368.57        
[Conv] /model.22/proto/cv1/conv/Conv_output_0                       0.85246 | 408.77    0.99931 | 28.957        
[exSwish] /model.22/proto/cv1/act/Mul_output_0                      0.90931 | 166.23    0.99850 | 21.421        
[ConvTranspose] /model.22/proto/upsample/ConvTranspose_output_0     0.95608 | 57.327    0.99835 | 11.770        
[Conv] /model.22/proto/cv2/conv/Conv_output_0                       0.97824 | 409.28    0.99983 | 36.159        
[exSwish] /model.22/proto/cv2/act/Mul_output_0                      0.98428 | 78.218    0.99783 | 24.508        
[Conv] /model.22/proto/cv3/conv/Conv_output_0                       0.94966 | 448.09    0.99476 | 150.61        
[exSwish] output1_int8                                              0.96631 | 264.14    0.99989 | 16.402        
[exDataConvert] output1                                             0.96631 | 264.14    0.99989 | 16.402        
  Min cosine similarity: 1.0000
  [5/5] Export RKNN...
  OK: /home/qbz415/vlm-sam-industrial-vision-v2/models/fastsam_models/fastsam_s.rknn

==================================================
  FastSAM-s  PASS  (cosine >= 0.99)
==================================================